This file contains any messages produced by compilers while
running configure, to aid debugging if configure makes a mistake.

It was created by multi_thread configure 0.1, which was
generated by GNU Autoconf 2.65.  Invocation command line was

  $ ./configure 

## --------- ##
## Platform. ##
## --------- ##

hostname = roc-desktop
uname -m = x86_64
uname -r = 2.6.32-38-generic
uname -s = Linux
uname -v = #83-Ubuntu SMP Wed Jan 4 11:12:07 UTC 2012

/usr/bin/uname -p = unknown
/bin/uname -X     = unknown

/bin/arch              = unknown
/usr/bin/arch -k       = unknown
/usr/convex/getsysinfo = unknown
/usr/bin/hostinfo      = unknown
/bin/machine           = unknown
/usr/bin/oslevel       = unknown
/bin/universe          = unknown

PATH: /usr/local/sbin
PATH: /usr/local/bin
PATH: /usr/sbin
PATH: /usr/bin
PATH: /sbin
PATH: /bin
PATH: /usr/games
PATH: /home/roc/.rvm/bin


## ----------- ##
## Core tests. ##
## ----------- ##

configure:1883: checking for a BSD-compatible install
configure:1951: result: /usr/bin/install -c
configure:1962: checking whether build environment is sane
configure:2012: result: yes
configure:2153: checking for a thread-safe mkdir -p
configure:2192: result: /bin/mkdir -p
configure:2205: checking for gawk
configure:2221: found /usr/bin/gawk
configure:2232: result: gawk
configure:2243: checking whether make sets $(MAKE)
configure:2265: result: yes
configure:2408: checking for g++
configure:2424: found /usr/bin/g++
configure:2435: result: g++
configure:2462: checking for C++ compiler version
configure:2471: g++ --version >&5
g++ (Ubuntu 4.4.3-4ubuntu5.1) 4.4.3
Copyright (C) 2009 Free Software Foundation, Inc.
This is free software; see the source for copying conditions.  There is NO
warranty; not even for MERCHANTABILITY or FITNESS FOR A PARTICULAR PURPOSE.

configure:2482: $? = 0
configure:2471: g++ -v >&5
Using built-in specs.
Target: x86_64-linux-gnu
Configured with: ../src/configure -v --with-pkgversion='Ubuntu 4.4.3-4ubuntu5.1' --with-bugurl=file:///usr/share/doc/gcc-4.4/README.Bugs --enable-languages=c,c++,fortran,objc,obj-c++ --prefix=/usr --enable-shared --enable-multiarch --enable-linker-build-id --with-system-zlib --libexecdir=/usr/lib --without-included-gettext --enable-threads=posix --with-gxx-include-dir=/usr/include/c++/4.4 --program-suffix=-4.4 --enable-nls --enable-clocale=gnu --enable-libstdcxx-debug --enable-plugin --enable-objc-gc --disable-werror --with-arch-32=i486 --with-tune=generic --enable-checking=release --build=x86_64-linux-gnu --host=x86_64-linux-gnu --target=x86_64-linux-gnu
Thread model: posix
gcc version 4.4.3 (Ubuntu 4.4.3-4ubuntu5.1) 
configure:2482: $? = 0
configure:2471: g++ -V >&5
g++: '-V' option must have argument
configure:2482: $? = 1
configure:2471: g++ -qversion >&5
g++: unrecognized option '-qversion'
g++: no input files
configure:2482: $? = 1
configure:2502: checking whether the C++ compiler works
configure:2524: g++    conftest.cpp  >&5
configure:2528: $? = 0
configure:2577: result: yes
configure:2580: checking for C++ compiler default output file name
configure:2582: result: a.out
configure:2588: checking for suffix of executables
configure:2595: g++ -o conftest    conftest.cpp  >&5
configure:2599: $? = 0
configure:2621: result: 
configure:2643: checking whether we are cross compiling
configure:2651: g++ -o conftest    conftest.cpp  >&5
configure:2655: $? = 0
configure:2662: ./conftest
configure:2666: $? = 0
configure:2681: result: no
configure:2686: checking for suffix of object files
configure:2708: g++ -c   conftest.cpp >&5
configure:2712: $? = 0
configure:2733: result: o
configure:2737: checking whether we are using the GNU C++ compiler
configure:2756: g++ -c   conftest.cpp >&5
configure:2756: $? = 0
configure:2765: result: yes
configure:2774: checking whether g++ accepts -g
configure:2794: g++ -c -g  conftest.cpp >&5
configure:2794: $? = 0
configure:2835: result: yes
configure:2869: checking for style of include used by make
configure:2897: result: GNU
configure:2922: checking dependency style of g++
configure:3032: result: gcc3
configure:3097: checking for gcc
configure:3113: found /usr/bin/gcc
configure:3124: result: gcc
configure:3353: checking for C compiler version
configure:3362: gcc --version >&5
gcc (Ubuntu 4.4.3-4ubuntu5.1) 4.4.3
Copyright (C) 2009 Free Software Foundation, Inc.
This is free software; see the source for copying conditions.  There is NO
warranty; not even for MERCHANTABILITY or FITNESS FOR A PARTICULAR PURPOSE.

configure:3373: $? = 0
configure:3362: gcc -v >&5
Using built-in specs.
Target: x86_64-linux-gnu
Configured with: ../src/configure -v --with-pkgversion='Ubuntu 4.4.3-4ubuntu5.1' --with-bugurl=file:///usr/share/doc/gcc-4.4/README.Bugs --enable-languages=c,c++,fortran,objc,obj-c++ --prefix=/usr --enable-shared --enable-multiarch --enable-linker-build-id --with-system-zlib --libexecdir=/usr/lib --without-included-gettext --enable-threads=posix --with-gxx-include-dir=/usr/include/c++/4.4 --program-suffix=-4.4 --enable-nls --enable-clocale=gnu --enable-libstdcxx-debug --enable-plugin --enable-objc-gc --disable-werror --with-arch-32=i486 --with-tune=generic --enable-checking=release --build=x86_64-linux-gnu --host=x86_64-linux-gnu --target=x86_64-linux-gnu
Thread model: posix
gcc version 4.4.3 (Ubuntu 4.4.3-4ubuntu5.1) 
configure:3373: $? = 0
configure:3362: gcc -V >&5
gcc: '-V' option must have argument
configure:3373: $? = 1
configure:3362: gcc -qversion >&5
gcc: unrecognized option '-qversion'
gcc: no input files
configure:3373: $? = 1
configure:3377: checking whether we are using the GNU C compiler
configure:3396: gcc -c   conftest.c >&5
configure:3396: $? = 0
configure:3405: result: yes
configure:3414: checking whether gcc accepts -g
configure:3434: gcc -c -g  conftest.c >&5
configure:3434: $? = 0
configure:3475: result: yes
configure:3492: checking for gcc option to accept ISO C89
configure:3556: gcc  -c -g -O2  conftest.c >&5
configure:3556: $? = 0
configure:3569: result: none needed
configure:3591: checking dependency style of gcc
configure:3701: result: gcc3
configure:3717: checking for pthread_create in -lpthread
configure:3742: gcc -o conftest -g -O2   conftest.c -lpthread   >&5
configure:3742: $? = 0
configure:3751: result: yes
configure:3893: creating ./config.status

## ---------------------- ##
## Running config.status. ##
## ---------------------- ##

This file was extended by multi_thread config.status 0.1, which was
generated by GNU Autoconf 2.65.  Invocation command line was

  CONFIG_FILES    = 
  CONFIG_HEADERS  = 
  CONFIG_LINKS    = 
  CONFIG_COMMANDS = 
  $ ./config.status 

on roc-desktop

config.status:844: creating Makefile
config.status:844: creating config.h
config.status:1016: config.h is unchanged
config.status:1064: executing depfiles commands

## ---------------- ##
## Cache variables. ##
## ---------------- ##

ac_cv_c_compiler_gnu=yes
ac_cv_cxx_compiler_gnu=yes
ac_cv_env_CCC_set=
ac_cv_env_CCC_value=
ac_cv_env_CC_set=
ac_cv_env_CC_value=
ac_cv_env_CFLAGS_set=
ac_cv_env_CFLAGS_value=
ac_cv_env_CPPFLAGS_set=
ac_cv_env_CPPFLAGS_value=
ac_cv_env_CXXFLAGS_set=
ac_cv_env_CXXFLAGS_value=
ac_cv_env_CXX_set=
ac_cv_env_CXX_value=
ac_cv_env_LDFLAGS_set=
ac_cv_env_LDFLAGS_value=
ac_cv_env_LIBS_set=
ac_cv_env_LIBS_value=
ac_cv_env_build_alias_set=
ac_cv_env_build_alias_value=
ac_cv_env_host_alias_set=
ac_cv_env_host_alias_value=
ac_cv_env_target_alias_set=
ac_cv_env_target_alias_value=
ac_cv_lib_pthread_pthread_create=yes
ac_cv_objext=o
ac_cv_path_install='/usr/bin/install -c'
ac_cv_path_mkdir=/bin/mkdir
ac_cv_prog_AWK=gawk
ac_cv_prog_ac_ct_CC=gcc
ac_cv_prog_ac_ct_CXX=g++
ac_cv_prog_cc_c89=
ac_cv_prog_cc_g=yes
ac_cv_prog_cxx_g=yes
ac_cv_prog_make_make_set=yes
am_cv_CC_dependencies_compiler_type=gcc3
am_cv_CXX_dependencies_compiler_type=gcc3

## ----------------- ##
## Output variables. ##
## ----------------- ##

ACLOCAL='${SHELL} /home/roc/sourcecode/cpp_project/multi_thread/missing --run aclocal-1.11'
AMDEPBACKSLASH='\'
AMDEP_FALSE='#'
AMDEP_TRUE=''
AMTAR='${SHELL} /home/roc/sourcecode/cpp_project/multi_thread/missing --run tar'
AUTOCONF='${SHELL} /home/roc/sourcecode/cpp_project/multi_thread/missing --run autoconf'
AUTOHEADER='${SHELL} /home/roc/sourcecode/cpp_project/multi_thread/missing --run autoheader'
AUTOMAKE='${SHELL} /home/roc/sourcecode/cpp_project/multi_thread/missing --run automake-1.11'
AWK='gawk'
CC='gcc'
CCDEPMODE='depmode=gcc3'
CFLAGS='-g -O2'
CPPFLAGS=''
CXX='g++'
CXXDEPMODE='depmode=gcc3'
CXXFLAGS='-g -O2'
CYGPATH_W='echo'
DEFS='-DHAVE_CONFIG_H'
DEPDIR='.deps'
ECHO_C=''
ECHO_N='-n'
ECHO_T=''
EXEEXT=''
INSTALL_DATA='${INSTALL} -m 644'
INSTALL_PROGRAM='${INSTALL}'
INSTALL_SCRIPT='${INSTALL}'
INSTALL_STRIP_PROGRAM='$(install_sh) -c -s'
LDFLAGS=''
LIBOBJS=''
LIBS='-lpthread '
LTLIBOBJS=''
MAKEINFO='${SHELL} /home/roc/sourcecode/cpp_project/multi_thread/missing --run makeinfo'
MKDIR_P='/bin/mkdir -p'
OBJEXT='o'
PACKAGE='multi_thread'
PACKAGE_BUGREPORT='xuzhipeng@live.cn'
PACKAGE_NAME='multi_thread'
PACKAGE_STRING='multi_thread 0.1'
PACKAGE_TARNAME='multi_thread'
PACKAGE_URL=''
PACKAGE_VERSION='0.1'
PATH_SEPARATOR=':'
SET_MAKE=''
SHELL='/bin/bash'
STRIP=''
VERSION='0.1'
ac_ct_CC='gcc'
ac_ct_CXX='g++'
am__EXEEXT_FALSE=''
am__EXEEXT_TRUE='#'
am__fastdepCC_FALSE='#'
am__fastdepCC_TRUE=''
am__fastdepCXX_FALSE='#'
am__fastdepCXX_TRUE=''
am__include='include'
am__isrc=''
am__leading_dot='.'
am__quote=''
am__tar='${AMTAR} chof - "$$tardir"'
am__untar='${AMTAR} xf -'
bindir='${exec_prefix}/bin'
build_alias=''
datadir='${datarootdir}'
datarootdir='${prefix}/share'
docdir='${datarootdir}/doc/${PACKAGE_TARNAME}'
dvidir='${docdir}'
exec_prefix='${prefix}'
host_alias=''
htmldir='${docdir}'
includedir='${prefix}/include'
infodir='${datarootdir}/info'
install_sh='${SHELL} /home/roc/sourcecode/cpp_project/multi_thread/install-sh'
libdir='${exec_prefix}/lib'
libexecdir='${exec_prefix}/libexec'
localedir='${datarootdir}/locale'
localstatedir='${prefix}/var'
mandir='${datarootdir}/man'
mkdir_p='/bin/mkdir -p'
oldincludedir='/usr/include'
pdfdir='${docdir}'
prefix='/usr/local'
program_transform_name='s,x,x,'
psdir='${docdir}'
sbindir='${exec_prefix}/sbin'
sharedstatedir='${prefix}/com'
sysconfdir='${prefix}/etc'
target_alias=''

## ----------- ##
## confdefs.h. ##
## ----------- ##

/* confdefs.h */
#define PACKAGE_NAME "multi_thread"
#define PACKAGE_TARNAME "multi_thread"
#define PACKAGE_VERSION "0.1"
#define PACKAGE_STRING "multi_thread 0.1"
#define PACKAGE_BUGREPORT "xuzhipeng@live.cn"
#define PACKAGE_URL ""
#define PACKAGE "multi_thread"
#define VERSION "0.1"
#define HAVE_LIBPTHREAD 1

configure: exit 0
